{
  "RSpec": {
    "coverage": {
      "/Users/admin/Desktop/travel-planner/app/helpers/application_helper.rb": {
        "lines": [
          1,
          null
        ]
      },
      "/Users/admin/Desktop/travel-planner/app/helpers/temperature_helper.rb": {
        "lines": [
          1,
          1,
          null,
          0,
          0,
          null,
          null
        ]
      },
      "/Users/admin/Desktop/travel-planner/app/controllers/travel_controller.rb": {
        "lines": [
          1,
          1,
          null,
          1,
          0,
          0,
          0,
          0,
          null,
          null,
          0,
          0,
          null,
          null,
          1,
          null,
          1,
          0,
          null,
          null,
          null,
          null,
          null,
          null,
          0,
          null,
          0,
          null,
          null,
          1,
          0,
          null,
          null,
          null,
          null,
          1,
          0,
          0,
          null,
          null,
          null,
          null
        ]
      },
      "/Users/admin/Desktop/travel-planner/app/controllers/application_controller.rb": {
        "lines": [
          1,
          null
        ]
      },
      "/Users/admin/Desktop/travel-planner/app/mailers/application_mailer.rb": {
        "lines": [
          0,
          0,
          0,
          0
        ],
        "branches": {
        }
      },
      "/Users/admin/Desktop/travel-planner/app/jobs/application_job.rb": {
        "lines": [
          0,
          null,
          null,
          null,
          null,
          null,
          0
        ],
        "branches": {
        }
      },
      "/Users/admin/Desktop/travel-planner/app/channels/application_cable/connection.rb": {
        "lines": [
          0,
          0,
          0,
          0
        ],
        "branches": {
        }
      },
      "/Users/admin/Desktop/travel-planner/app/channels/application_cable/channel.rb": {
        "lines": [
          0,
          0,
          0,
          0
        ],
        "branches": {
        }
      }
    },
    "timestamp": 1601474043
  }
}
